\BOOKMARK [1][-]{section.1}{1 Einleitung}{}% 1
\BOOKMARK [1][-]{section.2}{2 Grundlagen}{}% 2
\BOOKMARK [2][-]{subsection.2.1}{2.1 Phasenanschnittsteuerung}{section.2}% 3
\BOOKMARK [2][-]{subsection.2.2}{2.2 Schwingungspaketsteuerung}{section.2}% 4
\BOOKMARK [2][-]{subsection.2.3}{2.3 TRIAC}{section.2}% 5
\BOOKMARK [2][-]{subsection.2.4}{2.4 Leistungsfaktor}{section.2}% 6
\BOOKMARK [3][-]{subsubsection.2.4.1}{2.4.1 Leistungsfaktor Phasenanschnittsteuerung}{subsection.2.4}% 7
\BOOKMARK [3][-]{subsubsection.2.4.2}{2.4.2 Leistungsfaktor Schwingungspaketsteuerung}{subsection.2.4}% 8
\BOOKMARK [2][-]{subsection.2.5}{2.5 Oberschwingungen}{section.2}% 9
\BOOKMARK [2][-]{subsection.2.6}{2.6 Grundlagen}{section.2}% 10
\BOOKMARK [2][-]{subsection.2.7}{2.7 Verzerrte Schwingung}{section.2}% 11
\BOOKMARK [2][-]{subsection.2.8}{2.8 Vorkommen der Oberschwingungen}{section.2}% 12
\BOOKMARK [2][-]{subsection.2.9}{2.9 Auswirkung von Oberschwingungen}{section.2}% 13
\BOOKMARK [2][-]{subsection.2.10}{2.10 Anforderung an die Netzqualit\344t}{section.2}% 14
\BOOKMARK [2][-]{subsection.2.11}{2.11 Gegenmassnahmen bei Oberschwingungen}{section.2}% 15
\BOOKMARK [3][-]{subsubsection.2.11.1}{2.11.1 Harmonische Oberwellen}{subsection.2.11}% 16
\BOOKMARK [3][-]{subsubsection.2.11.2}{2.11.2 Subharmonische}{subsection.2.11}% 17
\BOOKMARK [3][-]{subsubsection.2.11.3}{2.11.3 Fast Fourier Transformation}{subsection.2.11}% 18
\BOOKMARK [2][-]{subsection.2.12}{2.12 Total Harmonic Distortion}{section.2}% 19
\BOOKMARK [2][-]{subsection.2.13}{2.13 Normen}{section.2}% 20
\BOOKMARK [1][-]{section.3}{3 Simulation}{}% 21
\BOOKMARK [2][-]{subsection.3.1}{3.1 Simulation mit Plecs}{section.3}% 22
\BOOKMARK [2][-]{subsection.3.2}{3.2 Simulation mit Matlab}{section.3}% 23
\BOOKMARK [1][-]{section.4}{4 Messaufbau}{}% 24
\BOOKMARK [1][-]{section.5}{5 Normen}{}% 25
\BOOKMARK [1][-]{section.6}{6 Umsetzung}{}% 26
\BOOKMARK [1][-]{section.7}{7 Validierung}{}% 27
\BOOKMARK [1][-]{section.8}{8 Schlusswort}{}% 28
\BOOKMARK [1][-]{section*.16}{Literatur}{}% 29
\BOOKMARK [1][-]{section*.17}{Abbildungsverzeichnis}{}% 30
\BOOKMARK [1][-]{section*.18}{Tabellenverzeichnis}{}% 31
